<?xml version="1.0" encoding="UTF-8"?>
<!-- Generated by org.testng.reporters.JUnitXMLReporter -->
<testsuite ignored="0" hostname="DESKTOP-LTKBB09" failures="0" tests="7" name="Regression Chrome" time="0.07" errors="0" timestamp="2021-02-15T23:25:58 CST">
  <testcase classname="com.jostens.qa.testcases.LoginPageTest" name="login" time="0.006"/>
  <testcase classname="com.jostens.qa.testcases.SearchSchoolPageTest" name="searchSchoolTest" time="0.001"/>
  <testcase classname="com.jostens.qa.testcases.ProductDetailPageTest" name="productTest" time="0.001"/>
  <testcase classname="com.jostens.qa.testcases.ShoppingCartPageTest" name="addProductToCartTest" time="0.003"/>
  <testcase classname="com.jostens.qa.testcases.CheckoutPageTest" name="checkoutListVerification" time="0.002"/>
  <testcase classname="com.jostens.qa.testcases.CheckoutPageTest" name="proceedWithCheckout" time="0.001"/>
  <testcase classname="com.jostens.qa.testcases.PaymentPageTest" name="paymentPageTest" time="0.001"/>
</testsuite> <!-- Regression Chrome -->
